<?xml version="1.0" encoding="UTF-8"?>
<testng-results ignored="0" total="1" passed="1" failed="0" skipped="0">
  <reporter-output>
  </reporter-output>
  <suite started-at="2023-07-18T16:30:12 IST" name="Default suite" finished-at="2023-07-18T16:30:33 IST" duration-ms="20613">
    <groups>
    </groups>
    <test started-at="2023-07-18T16:30:12 IST" name="Default test" finished-at="2023-07-18T16:30:33 IST" duration-ms="20613">
      <class name="test.Tests">
        <test-method is-config="true" signature="beft()[pri:0, instance:test.Tests@121314f7]" started-at="2023-07-18T16:30:12 IST" name="beft" finished-at="2023-07-18T16:30:18 IST" duration-ms="6455" status="PASS">
          <reporter-output>
          </reporter-output>
        </test-method> <!-- beft -->
        <test-method is-config="true" signature="befm()[pri:0, instance:test.Tests@121314f7]" started-at="2023-07-18T16:30:19 IST" name="befm" finished-at="2023-07-18T16:30:23 IST" duration-ms="4629" status="PASS">
          <reporter-output>
          </reporter-output>
        </test-method> <!-- befm -->
        <test-method signature="test1()[pri:0, instance:test.Tests@121314f7]" started-at="2023-07-18T16:30:23 IST" name="test1" finished-at="2023-07-18T16:30:33 IST" duration-ms="9419" status="PASS">
          <reporter-output>
          </reporter-output>
        </test-method> <!-- test1 -->
      </class> <!-- test.Tests -->
    </test> <!-- Default test -->
  </suite> <!-- Default suite -->
</testng-results>
